Arguments: 
  C:\program files\nodejs\node.exe C:\program files\nodejs\node_modules\yarn\bin\yarn.js add Rx

PATH: 
  C:\Program Files\Git\mingw64\bin;C:\Program Files\Git\usr\bin;C:\Users\leoma\bin;D:\Programmes\Cmder\bin;D:\Programmes\Cmder\vendor\conemu-maximus5\ConEmu\Scripts;D:\Programmes\Cmder\vendor\conemu-maximus5;D:\Programmes\Cmder\vendor\conemu-maximus5\ConEmu;C:\program files (x86)\intel\icls client;C:\program files\intel\icls client;C:\programdata\oracle\java\javapath;C:\windows\system32;C:\windows;C:\windows\system32\wbem;C:\windows\system32\windowspowershell\v1.0;C:\users\leoma\appdata\roaming\nvm;C:\program files\nodejs;C:\program files\git\cmd;D:\programmes\svn\bin;D:\programmes\vagrant\bin;C:\program files (x86)\intel\intel(r) management engine components\dal;C:\program files\intel\intel(r) management engine components\dal;C:\program files (x86)\intel\intel(r) management engine components\ipt;C:\program files\intel\intel(r) management engine components\ipt;C:\Program Files (x86)\NVIDIA Corporation\PhysX\Common;C:\Program Files\dotnet;C:\Program Files\Microsoft SQL Server\130\Tools\Binn;%SystemRoot%\system32;%SystemRoot%;%SystemRoot%\System32\Wbem;%SYSTEMROOT%\System32\WindowsPowerShell\v1.0;%SYSTEMROOT%\System32\OpenSSH;C:\Users\leoma\AppData\Local\Programs\Python\Python36-32\Scripts;C:\Users\leoma\AppData\Local\Programs\Python\Python36-32;C:\Users\leoma\.windows-build-tools\python27;C:\Users\leoma\AppData\Roaming\nvm\v9.4.0\node_modules\npm\node_modules\npm-lifecycle\node-gyp-bin;C:\Program Files\nodejs\node_modules\windows-build-tools\node_modules\.bin;C:\Program Files\nodejs\node_modules\.bin;C:\program files (x86)\intel\icls client;C:\program files\intel\icls client;C:\programdata\oracle\java\javapath;C:\windows\system32;C:\windows;C:\windows\system32\wbem;C:\windows\system32\windowspowershell\v1.0;C:\users\leoma\appdata\roaming\nvm;C:\program files\nodejs;C:\program files\git\cmd;D:\programmes\svn\bin;C:\program files (x86)\windows kits\8.1\windows performance toolkit;D:\programmes\vagrant\bin;C:\program files (x86)\intel\intel(r) management engine components\dal;C:\program files\intel\intel(r) management engine components\dal;C:\program files (x86)\intel\intel(r) management engine components\ipt;C:\program files\intel\intel(r) management engine components\ipt;C:\Program Files (x86)\NVIDIA Corporation\PhysX\Common;C:\Program Files\Microsoft VS Code\bin;%USERPROFILE%\AppData\Local\Microsoft\WindowsApps;C:\Program Files\Git\usr\bin;C:\Program Files\Git\usr\share\vim\vim74;D:\Programmes\Cmder

Yarn version: 
  1.5.1

Node version: 
  9.9.0

Platform: 
  win32 x64

npm manifest: 
  {
    "name": "node-ftp-client",
    "version": "1.0.0",
    "main": "main.js",
    "repository": "git@github.com:LeoMartinDev/node-ftp-client.git",
    "author": "LeoMartinDev <leo1.martin@epitech.eu>",
    "license": "MIT",
    "scripts": {
      "start": "npm run build && node dist/main.js",
      "build": "tsc"
    },
    "devDependencies": {
      "@types/node": "^10.0.3",
      "typescript": "^2.8.3"
    },
    "dependencies": {
      "ftp-response-parser": "^1.0.1"
    }
  }

yarn manifest: 
  No manifest

Lockfile: 
  # THIS IS AN AUTOGENERATED FILE. DO NOT EDIT THIS FILE DIRECTLY.
  # yarn lockfile v1
  
  
  "@types/node@^10.0.3":
    version "10.0.3"
    resolved "https://registry.yarnpkg.com/@types/node/-/node-10.0.3.tgz#1f89840c7aac2406cc43a2ecad98fc02a8e130e4"
  
  core-util-is@~1.0.0:
    version "1.0.2"
    resolved "https://registry.yarnpkg.com/core-util-is/-/core-util-is-1.0.2.tgz#b5fd54220aa2bc5ab57aab7140c940754503c1a7"
  
  ftp-response-parser@^1.0.1:
    version "1.0.1"
    resolved "https://registry.yarnpkg.com/ftp-response-parser/-/ftp-response-parser-1.0.1.tgz#3b9d33f8edd5fb8e4700b8f778c462e5b1581f89"
    dependencies:
      readable-stream "^1.0.31"
  
  inherits@~2.0.1:
    version "2.0.3"
    resolved "https://registry.yarnpkg.com/inherits/-/inherits-2.0.3.tgz#633c2c83e3da42a502f52466022480f4208261de"
  
  isarray@0.0.1:
    version "0.0.1"
    resolved "https://registry.yarnpkg.com/isarray/-/isarray-0.0.1.tgz#8a18acfca9a8f4177e09abfc6038939b05d1eedf"
  
  readable-stream@^1.0.31:
    version "1.1.14"
    resolved "https://registry.yarnpkg.com/readable-stream/-/readable-stream-1.1.14.tgz#7cf4c54ef648e3813084c636dd2079e166c081d9"
    dependencies:
      core-util-is "~1.0.0"
      inherits "~2.0.1"
      isarray "0.0.1"
      string_decoder "~0.10.x"
  
  string_decoder@~0.10.x:
    version "0.10.31"
    resolved "https://registry.yarnpkg.com/string_decoder/-/string_decoder-0.10.31.tgz#62e203bc41766c6c28c9fc84301dab1c5310fa94"
  
  typescript@^2.8.3:
    version "2.8.3"
    resolved "https://registry.yarnpkg.com/typescript/-/typescript-2.8.3.tgz#5d817f9b6f31bb871835f4edf0089f21abe6c170"

Trace: 
  Error: Couldn't find package "Rx" on the "npm" registry.
      at new MessageError (C:\Users\leoma\AppData\Roaming\nvm\v9.9.0\node_modules\yarn\lib\cli.js:186:110)
      at NpmResolver.<anonymous> (C:\Users\leoma\AppData\Roaming\nvm\v9.9.0\node_modules\yarn\lib\cli.js:51625:15)
      at Generator.next (<anonymous>)
      at step (C:\Users\leoma\AppData\Roaming\nvm\v9.9.0\node_modules\yarn\lib\cli.js:98:30)
      at C:\Users\leoma\AppData\Roaming\nvm\v9.9.0\node_modules\yarn\lib\cli.js:109:13
      at <anonymous>
      at process._tickCallback (internal/process/next_tick.js:118:7)
